[0mGET / [32m200 [0m49.764 ms - 12[0m
[0mGET /favicon.ico [33m404 [0m4.310 ms - 150[0m
[0mGET /pages [32m200 [0m11.070 ms - 38[0m
[0mGET /pages [36m304 [0m2.707 ms - -[0m
[0mGET /pages [36m304 [0m0.602 ms - -[0m
[0mGET /pages [36m304 [0m0.708 ms - -[0m
[0mGET /pages [36m304 [0m0.596 ms - -[0m
[0mGET /pages [36m304 [0m0.458 ms - -[0m
[0mGET /pages [32m200 [0m12.709 ms - 29[0m
[0mGET /home [32m200 [0m20.825 ms - 407[0m
[0mGET /dest/bundle.js [33m404 [0m3.507 ms - 153[0m
[0mGET /home [36m304 [0m4.141 ms - -[0m
[0mGET /dest/bundle.js [33m404 [0m1.103 ms - 153[0m
[0mGET /home [36m304 [0m12.508 ms - -[0m
[0mGET /dest/bundle.js [33m404 [0m4.250 ms - 153[0m
[0mGET /home [36m304 [0m2.071 ms - -[0m
[0mGET /dest/bundle.js [33m404 [0m0.883 ms - 153[0m
[0mGET /home [36m304 [0m1.515 ms - -[0m
[0mGET /dest/bundle.js [33m404 [0m0.868 ms - 153[0m
[0mGET /home [36m304 [0m1.601 ms - -[0m
[0mGET /dest/bundle.js [33m404 [0m1.076 ms - 153[0m
[0mGET /home [36m304 [0m1.183 ms - -[0m
[0mGET /dest/bundle.js [33m404 [0m1.174 ms - 153[0m
[0mGET /home [36m304 [0m1.041 ms - -[0m
[0mGET /dest/bundle.js [33m404 [0m0.573 ms - 153[0m
[0mGET /home [32m200 [0m4.434 ms - 409[0m
[0mGET /dest/bundle.js [33m404 [0m0.843 ms - 153[0m
[0mGET /home [36m304 [0m0.467 ms - -[0m
[0mGET /dest/bundle.js [33m404 [0m0.520 ms - 153[0m
[0mGET /home [36m304 [0m0.818 ms - -[0m
[0mGET /dest/bundle.js [33m404 [0m1.860 ms - 153[0m
[0mGET /home [36m304 [0m2.295 ms - -[0m
[0mGET /dest/bundle.js [33m404 [0m0.580 ms - 153[0m
[0mGET /home [36m304 [0m1.922 ms - -[0m
[0mGET /dest/bundle.js [33m404 [0m0.842 ms - 153[0m
[0mGET /home [36m304 [0m2.163 ms - -[0m
[0mGET /dest/bundle.js [33m404 [0m0.653 ms - 153[0m
[0mGET /home [36m304 [0m1.025 ms - -[0m
[0mGET /dest/bundle.js [33m404 [0m0.628 ms - 153[0m
[0mGET /home [36m304 [0m2.621 ms - -[0m
[0mGET /dest/bundle.js [33m404 [0m0.493 ms - 153[0m
[0mGET /home [36m304 [0m1.113 ms - -[0m
[0mGET /dest/bundle.js [33m404 [0m1.170 ms - 153[0m
[0mGET /home [36m304 [0m0.531 ms - -[0m
[0mGET /dest/bundle.js [33m404 [0m0.998 ms - 153[0m
[0mGET /home [36m304 [0m0.909 ms - -[0m
[0mGET /dest/bundle.js [33m404 [0m0.482 ms - 153[0m
[0mGET /home [36m304 [0m0.781 ms - -[0m
[0mGET /dest/bundle.js [33m404 [0m0.713 ms - 153[0m
[0mGET /home [32m200 [0m2.597 ms - 417[0m
[0mGET /client/dest/bundle.js [33m404 [0m0.545 ms - 160[0m
[0mGET /home [32m200 [0m1.171 ms - 408[0m
[0mGET /dest/bundle.js [33m404 [0m0.595 ms - 153[0m
[0mGET /home [32m200 [0m1.307 ms - 431[0m
[0mGET /dest/bundle.js [33m404 [0m0.761 ms - 153[0m
[0mGET /home [36m304 [0m0.888 ms - -[0m
[0mGET /dest/bundle.js [33m404 [0m0.668 ms - 153[0m
[0mGET /home [36m304 [0m0.634 ms - -[0m
[0mGET /dest/bundle.js [33m404 [0m1.303 ms - 153[0m
[0mGET /home [36m304 [0m1.798 ms - -[0m
[0mGET /dest/bundle.js [33m404 [0m0.458 ms - 153[0m
[0mGET /home [36m304 [0m1.552 ms - -[0m
[0mGET /dest/bundle.js [33m404 [0m3.783 ms - 153[0m
[0mGET /home [36m304 [0m0.785 ms - -[0m
[0mGET /dest/bundle.js [33m404 [0m0.371 ms - 153[0m
[0mGET /home [36m304 [0m1.154 ms - -[0m
[0mGET /dest/bundle.js [33m404 [0m0.442 ms - 153[0m
[0mGET /home [36m304 [0m0.464 ms - -[0m
[0mGET /dest/bundle.js [33m404 [0m0.434 ms - 153[0m
[0mGET /home [36m304 [0m0.662 ms - -[0m
[0mGET /dest/bundle.js [33m404 [0m0.292 ms - 153[0m
[0mGET /home [36m304 [0m0.684 ms - -[0m
[0mGET /dest/bundle.js [33m404 [0m0.426 ms - 153[0m
[0mGET /home [36m304 [0m0.696 ms - -[0m
[0mGET /dest/bundle.js [33m404 [0m0.678 ms - 153[0m
[0mGET /home [36m304 [0m1.218 ms - -[0m
[0mGET /dest/bundle.js [33m404 [0m1.371 ms - 153[0m
[0mGET /home [36m304 [0m0.782 ms - -[0m
[0mGET /dest/bundle.js [33m404 [0m1.500 ms - 153[0m
[0mGET /home [36m304 [0m0.678 ms - -[0m
[0mGET /dest/bundle.js [33m404 [0m0.528 ms - 153[0m
[0mGET /home [36m304 [0m0.833 ms - -[0m
[0mGET /dest/bundle.js [33m404 [0m0.753 ms - 153[0m
[0mGET /home [36m304 [0m1.365 ms - -[0m
[0mGET /dest/bundle.js [33m404 [0m0.603 ms - 153[0m
[0mGET /home [36m304 [0m0.401 ms - -[0m
[0mGET /dest/bundle.js [33m404 [0m3.947 ms - 153[0m
[0mGET /home [36m304 [0m0.862 ms - -[0m
[0mGET /dest/bundle.js [33m404 [0m0.357 ms - 153[0m
[0mGET /home [36m304 [0m0.818 ms - -[0m
[0mGET /dest/bundle.js [33m404 [0m0.458 ms - 153[0m
[0mGET /home [36m304 [0m9.499 ms - -[0m
[0mGET /dest/bundle.js [33m404 [0m4.278 ms - 153[0m
[0mGET /home [36m304 [0m1.485 ms - -[0m
[0mGET /dest/bundle.js [33m404 [0m1.226 ms - 153[0m
[0mGET /home [36m304 [0m0.592 ms - -[0m
[0mGET /dest/bundle.js [33m404 [0m0.453 ms - 153[0m
[0mGET /home [36m304 [0m2.024 ms - -[0m
[0mGET /dest/bundle.js [33m404 [0m0.425 ms - 153[0m
[0mGET /home [36m304 [0m0.782 ms - -[0m
[0mGET /dest/bundle.js [33m404 [0m0.630 ms - 153[0m
[0mGET /home [36m304 [0m2.090 ms - -[0m
[0mGET /dest/bundle.js [33m404 [0m0.466 ms - 153[0m
[0mGET /home [36m304 [0m1.055 ms - -[0m
[0mGET /dest/bundle.js [33m404 [0m0.525 ms - 153[0m
[0mGET /home [36m304 [0m1.701 ms - -[0m
[0mGET /dest/bundle.js [33m404 [0m0.497 ms - 153[0m
[0mGET /home [36m304 [0m0.995 ms - -[0m
[0mGET /dest/bundle.js [33m404 [0m0.974 ms - 153[0m
[0mGET /home [36m304 [0m1.561 ms - -[0m
[0mGET /dest/bundle.js [33m404 [0m0.455 ms - 153[0m
[0mGET /home [36m304 [0m2.575 ms - -[0m
[0mGET /dest/bundle.js [33m404 [0m0.971 ms - 153[0m
[0mGET /home [36m304 [0m0.569 ms - -[0m
[0mGET /dest/bundle.js [33m404 [0m0.497 ms - 153[0m
[0mGET /home [36m304 [0m0.545 ms - -[0m
[0mGET /dest/bundle.js [33m404 [0m2.180 ms - 153[0m
[0mGET / [33m404 [0m0.926 ms - 139[0m
[0mGET /pages [36m304 [0m5.652 ms - -[0m
[0mGET /pages [36m304 [0m10.726 ms - -[0m
[0mGET /home [36m304 [0m6.171 ms - -[0m
[0mGET /dest/bundle.js [32m200 [0m16.291 ms - 127921[0m
[0mGET /pages [36m304 [0m1.141 ms - -[0m
[0mGET /home [36m304 [0m0.691 ms - -[0m
[0mGET /dest/bundle.js [32m200 [0m1.954 ms - 127928[0m
[0mGET /pages [36m304 [0m0.519 ms - -[0m
[0mGET /home [36m304 [0m0.749 ms - -[0m
[0mGET /dest/bundle.js [32m200 [0m0.873 ms - 603470[0m
[0mGET /pages [36m304 [0m1.257 ms - -[0m
[0mGET /home [36m304 [0m1.313 ms - -[0m
[0mGET /dest/bundle.js [36m304 [0m1.297 ms - -[0m
[0mGET /pages [36m304 [0m0.764 ms - -[0m
[0mGET /home [36m304 [0m0.996 ms - -[0m
[0mGET /dest/bundle.js [36m304 [0m1.055 ms - -[0m
[0mGET /pages [36m304 [0m0.840 ms - -[0m
[0mGET /home [36m304 [0m1.377 ms - -[0m
[0mGET /dest/bundle.js [36m304 [0m1.038 ms - -[0m
[0mGET /pages [36m304 [0m1.118 ms - -[0m
[0mGET /home [36m304 [0m2.427 ms - -[0m
[0mGET /dest/bundle.js [36m304 [0m0.425 ms - -[0m
[0mGET /pages [36m304 [0m0.572 ms - -[0m
[0mGET /home [36m304 [0m0.828 ms - -[0m
[0mGET /dest/bundle.js [32m200 [0m5.986 ms - 127963[0m
[0mGET /pages [36m304 [0m0.490 ms - -[0m
[0mGET /dest/bundle.js.map [32m200 [0m0.887 ms - 356472[0m
[0mGET /home [36m304 [0m0.369 ms - -[0m
[0mGET /dest/bundle.js [36m304 [0m0.446 ms - -[0m
[0mGET /pages [36m304 [0m0.913 ms - -[0m
[0mGET /dest/bundle.js.map [36m304 [0m0.657 ms - -[0m
[0mGET /home [36m304 [0m0.722 ms - -[0m
[0mGET /dest/bundle.js [36m304 [0m0.418 ms - -[0m
[0mGET /dest/bundle.js.map [36m304 [0m0.707 ms - -[0m
[0mGET /pages [36m304 [0m0.767 ms - -[0m
[0mGET /home [36m304 [0m0.743 ms - -[0m
[0mGET /dest/bundle.js [32m200 [0m1.048 ms - 127991[0m
[0mGET /pages [36m304 [0m0.524 ms - -[0m
[0mGET /dest/bundle.js.map [32m200 [0m0.718 ms - 356543[0m
[0mGET /home [36m304 [0m0.499 ms - -[0m
[0mGET /dest/bundle.js [32m200 [0m2.284 ms - 128045[0m
[0mGET /pages [36m304 [0m0.530 ms - -[0m
[0mGET /dest/bundle.js.map [32m200 [0m0.756 ms - 356754[0m
[0mGET /home [36m304 [0m0.689 ms - -[0m
[0mGET /dest/bundle.js [36m304 [0m0.722 ms - -[0m
[0mGET /dest/bundle.js.map [36m304 [0m0.446 ms - -[0m
[0mGET /pages [36m304 [0m0.683 ms - -[0m
[0mGET /home [36m304 [0m0.467 ms - -[0m
[0mGET /dest/bundle.js [32m200 [0m1.010 ms - 127922[0m
[0mGET /dest/bundle.js.map [32m200 [0m0.733 ms - 356630[0m
[0mGET /home [36m304 [0m3.982 ms - -[0m
[0mGET /dest/bundle.js [32m200 [0m0.610 ms - 128046[0m
[0mGET /pages [36m304 [0m0.637 ms - -[0m
[0mGET /dest/bundle.js.map [32m200 [0m0.642 ms - 356743[0m
[0mGET /home [36m304 [0m0.410 ms - -[0m
[0mGET /dest/bundle.js [36m304 [0m0.323 ms - -[0m
[0mGET /pages [36m304 [0m1.789 ms - -[0m
[0mGET /dest/bundle.js.map [36m304 [0m0.718 ms - -[0m
[0mGET /home [36m304 [0m0.552 ms - -[0m
[0mGET /dest/bundle.js [32m200 [0m0.547 ms - 128045[0m
[0mGET /pages [36m304 [0m0.550 ms - -[0m
[0mGET /dest/bundle.js.map [32m200 [0m0.712 ms - 356750[0m
[0mGET /home [36m304 [0m0.881 ms - -[0m
[0mGET /dest/bundle.js [32m200 [0m0.793 ms - 128113[0m
[0mGET /pages [36m304 [0m0.423 ms - -[0m
[0mGET /dest/bundle.js.map [32m200 [0m0.563 ms - 356894[0m
[0mGET /home [36m304 [0m2.606 ms - -[0m
[0mGET /dest/bundle.js [36m304 [0m1.229 ms - -[0m
[0mGET /pages [36m304 [0m0.408 ms - -[0m
[0mGET /dest/bundle.js.map [36m304 [0m0.347 ms - -[0m
[0mGET /home [36m304 [0m0.924 ms - -[0m
[0mGET /dest/bundle.js [32m200 [0m0.459 ms - 128158[0m
[0mGET /pages [36m304 [0m2.121 ms - -[0m
[0mGET /dest/bundle.js.map [32m200 [0m1.003 ms - 357086[0m
[0mGET /home [36m304 [0m1.245 ms - -[0m
[0mGET /dest/bundle.js [36m304 [0m0.545 ms - -[0m
[0mGET /pages [36m304 [0m0.892 ms - -[0m
[0mGET /dest/bundle.js.map [36m304 [0m0.370 ms - -[0m
[0mGET /home [36m304 [0m0.538 ms - -[0m
[0mGET /dest/bundle.js [36m304 [0m0.390 ms - -[0m
[0mGET /pages [36m304 [0m0.683 ms - -[0m
[0mGET /dest/bundle.js.map [36m304 [0m0.372 ms - -[0m
[0mGET /home [36m304 [0m0.620 ms - -[0m
[0mGET /dest/bundle.js [32m200 [0m1.072 ms - 128164[0m
[0mGET /pages [36m304 [0m0.419 ms - -[0m
[0mGET /dest/bundle.js.map [32m200 [0m0.703 ms - 357098[0m
[0mGET /config/additional [32m200 [0m11.777 ms - 2[0m
[0mGET /config/pages [32m200 [0m2.196 ms - 2[0m
[0mGET /config/pages [36m304 [0m1.039 ms - -[0m
[0mGET /pages [32m200 [0m2.624 ms - 24[0m
[0mGET /config/additional [36m304 [0m0.471 ms - -[0m
[0mGET /config/additional [31m500 [0m90177.890 ms - 1299[0m
[0mGET /config/additional [32m200 [0m2597.250 ms - 2[0m
[0mGET /config/additional [32m200 [0m9918.257 ms - 2[0m
[0mGET /config/additional [31m500 [0m28189.476 ms - 1360[0m
[0mGET /config/additional [32m200 [0m76266.307 ms - 2[0m
[0mGET /get/pages [32m200 [0m4365.218 ms - 24[0m
[0mGET /get/keys [31m500 [0m12.123 ms - 1295[0m
[0mGET /get/keys [32m200 [0m6.098 ms - 44[0m
[0mGET /get/keys [32m200 [0m4.330 ms - 29[0m
[0mGET /get/keys [31m500 [0m3.615 ms - 1348[0m
[0mGET /home [36m304 [0m4.870 ms - -[0m
[0mGET /dest/bundle.js [32m200 [0m4.499 ms - 128572[0m
[0mGET /get/pages [36m304 [0m4.671 ms - -[0m
[0mGET /dest/bundle.js.map [32m200 [0m4.504 ms - 358240[0m
[0mPOST /set/additional [33m400 [0m22.045 ms - 1036[0m
[0mPOST /set/additional [33m400 [0m1.678 ms - 1036[0m
[0mPOST /set/additional [33m400 [0m0.860 ms - 1036[0m
[0mPOST /set/additional [33m400 [0m0.760 ms - 1036[0m
[0mGET /home [36m304 [0m3.561 ms - -[0m
[0mGET /dest/bundle.js [32m200 [0m7.069 ms - 128573[0m
[0mGET /get/pages [36m304 [0m4.284 ms - -[0m
[0mGET /dest/bundle.js.map [32m200 [0m2.471 ms - 358261[0m
[0mPOST /set/additional [33m400 [0m21.017 ms - 1036[0m
[0mPOST /set/additional [33m400 [0m2.064 ms - 1036[0m
[0mGET /home [36m304 [0m7.581 ms - -[0m
[0mGET /dest/bundle.js [36m304 [0m1.948 ms - -[0m
[0mGET /get/pages [36m304 [0m2.569 ms - -[0m
[0mGET /dest/bundle.js.map [36m304 [0m0.996 ms - -[0m
[0mPOST /set/additional [33m400 [0m24.621 ms - 1036[0m
[0mGET /home [36m304 [0m2.463 ms - -[0m
[0mGET /dest/bundle.js [32m200 [0m16.392 ms - 128631[0m
[0mGET /get/pages [36m304 [0m2.039 ms - -[0m
[0mGET /dest/bundle.js.map [32m200 [0m5.055 ms - 358394[0m
[0mGET /home [36m304 [0m6.537 ms - -[0m
[0mGET /dest/bundle.js [36m304 [0m7.339 ms - -[0m
[0mGET /get/pages [36m304 [0m4.438 ms - -[0m
[0mGET /dest/bundle.js.map [36m304 [0m1.920 ms - -[0m
[0mGET /home [36m304 [0m1.658 ms - -[0m
[0mGET /dest/bundle.js [36m304 [0m6.664 ms - -[0m
[0mGET /get/pages [36m304 [0m4.350 ms - -[0m
[0mGET /dest/bundle.js.map [36m304 [0m2.767 ms - -[0m
[0mPOST /set/additional [31m500 [0m20016.748 ms - 1388[0m
[0mGET /home [36m304 [0m5.814 ms - -[0m
[0mGET /dest/bundle.js [32m200 [0m7.582 ms - 128625[0m
[0mGET /get/pages [36m304 [0m3.759 ms - -[0m
[0mGET /dest/bundle.js.map [32m200 [0m4.387 ms - 358384[0m
[0mPOST /set/additional [31m500 [0m21629.978 ms - 1325[0m
[0mGET /home [36m304 [0m4.925 ms - -[0m
[0mGET /dest/bundle.js [36m304 [0m2.853 ms - -[0m
[0mGET /get/pages [36m304 [0m4.601 ms - -[0m
[0mGET /dest/bundle.js.map [36m304 [0m1.748 ms - -[0m
[0mGET /dest/bundle.js.map [36m304 [0m10.225 ms - -[0m
[0mGET /home [36m304 [0m4.718 ms - -[0m
[0mPOST /set/additional [0m- [0m- ms - -[0m
[0mGET /dest/bundle.js [32m200 [0m9.151 ms - 128618[0m
[0mGET /get/pages [36m304 [0m5.579 ms - -[0m
[0mGET /dest/bundle.js.map [32m200 [0m3.071 ms - 358347[0m
[0mGET /home [36m304 [0m2.917 ms - -[0m
[0mGET /dest/bundle.js [36m304 [0m1.874 ms - -[0m
[0mGET /get/pages [36m304 [0m3.694 ms - -[0m
[0mGET /dest/bundle.js.map [36m304 [0m1.202 ms - -[0m
[0mGET /home [36m304 [0m18.816 ms - -[0m
[0mPOST /set/additional [0m- [0m- ms - -[0m
[0mGET /dest/bundle.js [32m200 [0m10.810 ms - 128611[0m
[0mGET /get/pages [36m304 [0m5.988 ms - -[0m
[0mGET /dest/bundle.js.map [32m200 [0m5.252 ms - 358402[0m
[0mGET /home [36m304 [0m5.510 ms - -[0m
[0mGET /dest/bundle.js [36m304 [0m3.659 ms - -[0m
[0mGET /get/pages [36m304 [0m3.599 ms - -[0m
[0mGET /dest/bundle.js.map [36m304 [0m1.729 ms - -[0m
[0mPOST /set/additional [32m200 [0m25.404 ms - 71[0m
[0mGET /home [36m304 [0m2.372 ms - -[0m
[0mGET /dest/bundle.js [36m304 [0m2.437 ms - -[0m
[0mGET /get/pages [36m304 [0m1.577 ms - -[0m
[0mGET /dest/bundle.js.map [36m304 [0m0.655 ms - -[0m
[0mPOST /set/additional [32m200 [0m4.598 ms - 71[0m
[0mGET /home [36m304 [0m2.846 ms - -[0m
[0mGET /dest/bundle.js [32m200 [0m5.289 ms - 128609[0m
[0mGET /get/pages [36m304 [0m1.821 ms - -[0m
[0mGET /dest/bundle.js.map [32m200 [0m4.253 ms - 358368[0m
[0mPOST /set/additional [32m200 [0m1.744 ms - 71[0m
[0mGET /home [36m304 [0m5.827 ms - -[0m
[0mGET /dest/bundle.js [32m200 [0m19.424 ms - 128711[0m
[0mGET /get/pages [36m304 [0m4.247 ms - -[0m
[0mGET /dest/bundle.js.map [32m200 [0m3.312 ms - 358631[0m
[0mGET /home [36m304 [0m2.040 ms - -[0m
[0mGET /dest/bundle.js [32m200 [0m3.237 ms - 128804[0m
[0mGET /get/pages [36m304 [0m3.698 ms - -[0m
[0mGET /dest/bundle.js.map [32m200 [0m3.729 ms - 358916[0m
[0mPOST /set/additional [32m200 [0m27.180 ms - 71[0m
[0mGET /home [36m304 [0m5.819 ms - -[0m
[0mGET /dest/bundle.js [36m304 [0m1.082 ms - -[0m
[0mGET /get/pages [36m304 [0m2.133 ms - -[0m
[0mGET /dest/bundle.js.map [36m304 [0m1.803 ms - -[0m
[0mGET /home [36m304 [0m5.397 ms - -[0m
[0mGET /dest/bundle.js [36m304 [0m3.982 ms - -[0m
[0mGET /get/pages [36m304 [0m3.658 ms - -[0m
[0mGET /dest/bundle.js.map [36m304 [0m2.005 ms - -[0m
[0mPOST /set/additional [32m200 [0m20.600 ms - 71[0m
[0mPOST /set/additional [32m200 [0m1.806 ms - 71[0m
[0mPOST /set/additional [32m200 [0m1.186 ms - 71[0m
[0mPOST /set/additional [32m200 [0m0.835 ms - 71[0m
[0mPOST /set/additional [32m200 [0m1.377 ms - 71[0m
[0mPOST /set/additional [32m200 [0m1.618 ms - 71[0m
[0mPOST /set/additional [32m200 [0m1.186 ms - 71[0m
[0mPOST /set/additional [32m200 [0m1.043 ms - 71[0m
[0mPOST /set/additional [32m200 [0m2.174 ms - 71[0m
[0mPOST /set/additional [32m200 [0m1.197 ms - 71[0m
[0mPOST /set/additional [32m200 [0m1.143 ms - 71[0m
[0mPOST /set/additional [32m200 [0m1.171 ms - 71[0m
[0mPOST /set/additional [32m200 [0m1.172 ms - 71[0m
[0mGET /home [36m304 [0m3.649 ms - -[0m
[0mGET /dest/bundle.js [32m200 [0m6.239 ms - 128814[0m
[0mGET /get/pages [36m304 [0m1.334 ms - -[0m
[0mGET /dest/bundle.js.map [32m200 [0m3.881 ms - 358914[0m
[0mPOST /set/additional [32m200 [0m3.449 ms - 46[0m
